2004.11.24 16:02 B D:\AffiliateBuilder\webtools\images\icon\announce.gif --> ftp.affiliatebuilder.net /httpdocs/biab/demo/images/icon announce.gif
2004.11.24 16:02 B D:\AffiliateBuilder\webtools\images\icon\calendar.gif --> ftp.affiliatebuilder.net /httpdocs/biab/demo/images/icon calendar.gif
2004.11.24 16:02 B D:\AffiliateBuilder\webtools\images\icon\cartoon.gif --> ftp.affiliatebuilder.net /httpdocs/biab/demo/images/icon cartoon.gif
2004.11.24 16:02 B D:\AffiliateBuilder\webtools\images\icon\chat.gif --> ftp.affiliatebuilder.net /httpdocs/biab/demo/images/icon chat.gif
2004.11.24 16:02 B D:\AffiliateBuilder\webtools\images\icon\check32.jpg --> ftp.affiliatebuilder.net /httpdocs/biab/demo/images/icon check32.jpg
2004.11.24 16:02 B D:\AffiliateBuilder\webtools\images\icon\classified.gif --> ftp.affiliatebuilder.net /httpdocs/biab/demo/images/icon classified.gif
2004.11.24 16:02 B D:\AffiliateBuilder\webtools\images\icon\counter.gif --> ftp.affiliatebuilder.net /httpdocs/biab/demo/images/icon counter.gif
2004.11.24 16:02 B D:\AffiliateBuilder\webtools\images\icon\elist.gif --> ftp.affiliatebuilder.net /httpdocs/biab/demo/images/icon elist.gif
2004.11.24 16:02 B D:\AffiliateBuilder\webtools\images\icon\emailform.gif --> ftp.affiliatebuilder.net /httpdocs/biab/demo/images/icon emailform.gif
2004.11.24 16:02 B D:\AffiliateBuilder\webtools\images\icon\faq.gif --> ftp.affiliatebuilder.net /httpdocs/biab/demo/images/icon faq.gif
2004.11.24 16:02 B D:\AffiliateBuilder\webtools\images\icon\forum.gif --> ftp.affiliatebuilder.net /httpdocs/biab/demo/images/icon forum.gif
2004.11.24 16:02 B D:\AffiliateBuilder\webtools\images\icon\guestbook.gif --> ftp.affiliatebuilder.net /httpdocs/biab/demo/images/icon guestbook.gif
2004.11.24 16:02 B D:\AffiliateBuilder\webtools\images\icon\journal.gif --> ftp.affiliatebuilder.net /httpdocs/biab/demo/images/icon journal.gif
2004.11.24 16:03 B D:\AffiliateBuilder\webtools\images\icon\minipoll.gif --> ftp.affiliatebuilder.net /httpdocs/biab/demo/images/icon minipoll.gif
2004.11.24 16:03 B D:\AffiliateBuilder\webtools\images\icon\news.gif --> ftp.affiliatebuilder.net /httpdocs/biab/demo/images/icon news.gif
2004.11.24 16:03 B D:\AffiliateBuilder\webtools\images\icon\passwd.gif --> ftp.affiliatebuilder.net /httpdocs/biab/demo/images/icon passwd.gif
2004.11.24 16:03 B D:\AffiliateBuilder\webtools\images\icon\photocenter.gif --> ftp.affiliatebuilder.net /httpdocs/biab/demo/images/icon photocenter.gif
2004.11.24 16:03 B D:\AffiliateBuilder\webtools\images\icon\postcard.gif --> ftp.affiliatebuilder.net /httpdocs/biab/demo/images/icon postcard.gif
2004.11.24 16:03 B D:\AffiliateBuilder\webtools\images\icon\redirect.gif --> ftp.affiliatebuilder.net /httpdocs/biab/demo/images/icon redirect.gif
2004.11.24 16:03 B D:\AffiliateBuilder\webtools\images\icon\search.gif --> ftp.affiliatebuilder.net /httpdocs/biab/demo/images/icon search.gif
2004.11.24 16:03 B D:\AffiliateBuilder\webtools\images\icon\sitering.gif --> ftp.affiliatebuilder.net /httpdocs/biab/demo/images/icon sitering.gif
2004.11.24 16:03 B D:\AffiliateBuilder\webtools\images\icon\template.gif --> ftp.affiliatebuilder.net /httpdocs/biab/demo/images/icon template.gif
2004.11.24 16:03 B D:\AffiliateBuilder\webtools\images\icon\Thumbs.db --> ftp.affiliatebuilder.net /httpdocs/biab/demo/images/icon Thumbs.db
2004.11.24 16:03 B D:\AffiliateBuilder\webtools\images\icon\traffic.gif --> ftp.affiliatebuilder.net /httpdocs/biab/demo/images/icon traffic.gif
